<?xml version="1.0" encoding="UTF-8"?>
<!-- Generated by org.testng.reporters.JUnitReportReporter -->
<testsuite skipped="0" hostname="DESKTOP-6TH9SK4" name="com.testng.practice.TestNG_Execution_Sequence" tests="2" failures="0" timestamp="2020-01-17T00:54:06 IST" time="0.016" errors="0">
  <testcase name="testCase1" time="0.007" classname="com.testng.practice.TestNG_Execution_Sequence"/>
  <testcase name="testCase2" time="0.009" classname="com.testng.practice.TestNG_Execution_Sequence"/>
</testsuite> <!-- com.testng.practice.TestNG_Execution_Sequence -->
