<?xml version="1.0" encoding="UTF-8"?>
<!-- Generated by org.testng.reporters.JUnitReportReporter -->
<testsuite skipped="0" hostname="DESKTOP-6TH9SK4" name="com.testng.practice.Excel_Full" tests="2" failures="0" timestamp="2020-01-17T10:52:32 IST" time="0.055" errors="0">
  <testcase name="create_Excel" time="0.051" classname="com.testng.practice.Excel_Full"/>
  <testcase name="delete_excel" time="0.004" classname="com.testng.practice.Excel_Full"/>
</testsuite> <!-- com.testng.practice.Excel_Full -->
